2018-05-21 09:35:23 INFO  TestCaseLogImpl:30 - [Before] class [TestCaseLogImpl]
2018-05-21 09:35:24 INFO  Cache2kCoreProviderImpl:178 - cache2k starting. version=1.0.2.Final, build=undefined, defaultImplementation=HeapCache
2018-05-21 09:35:25 INFO  TestCaseLogImpl:54 - [After] void of [TestQlFileDinhKem01Processor]
2018-05-21 09:35:25 INFO  TestCaseLogImpl:54 - [After] void of [TestQlFileDinhKem01Processor]
2018-05-21 09:35:25 INFO  TestCaseLogImpl:54 - [After] void of [TestQlFileDinhKem01Processor]
2018-05-21 09:35:25 INFO  TestCaseLogImpl:54 - [After] void of [TestQlFileDinhKem01Processor]
2018-05-21 09:35:25 INFO  TestCaseLogImpl:54 - [After] void of [TestQlFileDinhKem01Processor]
2018-05-21 09:35:25 INFO  TestCaseLogImpl:54 - [After] void of [TestQlFileDinhKem01Processor]
2018-05-21 09:35:25 INFO  TestCaseLogImpl:54 - [After] void of [TestQlFileDinhKem01Processor]
2018-05-21 09:35:25 INFO  TestCaseLogImpl:54 - [After] void of [TestQlFileDinhKem01Processor]
2018-05-21 09:35:25 INFO  TestCaseLogImpl:54 - [After] void of [TestQlFileDinhKem01Processor]
2018-05-21 09:35:25 INFO  TestCaseLogImpl:54 - [After] void of [TestQlFileDinhKem01Processor]
2018-05-21 09:35:25 INFO  TestCaseLogImpl:54 - [After] void of [TestQlFileDinhKem01Processor]
2018-05-21 09:35:25 INFO  TestCaseLogImpl:54 - [After] void of [TestQlFileDinhKem01Processor]
2018-05-21 09:35:25 INFO  TestCaseLogImpl:54 - [After] void of [TestQlFileDinhKem01Processor]
2018-05-21 09:35:25 INFO  TestCaseLogImpl:54 - [After] void of [TestQlFileDinhKem01Processor]
2018-05-21 09:35:25 INFO  TestCaseLogImpl:54 - [After] void of [TestQlFileDinhKem01Processor]
2018-05-21 09:35:25 INFO  TestCaseLogImpl:54 - [After] void of [TestQlFileDinhKem01Processor]
2018-05-21 09:35:25 INFO  TestCaseLogImpl:54 - [After] void of [TestQlFileDinhKem01Processor]
2018-05-21 09:35:25 INFO  TestCaseLogImpl:54 - [After] void of [TestQlFileDinhKem01Processor]
2018-05-21 09:35:25 INFO  TestCaseLogImpl:54 - [After] void of [TestQlFileDinhKem01Processor]
2018-05-21 09:35:25 INFO  TestCaseLogImpl:54 - [After] void of [TestQlFileDinhKem01Processor]
2018-05-21 09:35:25 INFO  TestCaseLogImpl:38 - [After] class [TestCaseLogImpl]
2018-05-21 09:35:25 INFO  TestCaseLogImpl:30 - [Before] class [TestCaseLogImpl]
2018-05-21 09:35:25 INFO  TestCaseLogImpl:54 - [After] void of [TestQlDmc0501Processor]
2018-05-21 09:35:25 INFO  TestCaseLogImpl:54 - [After] void of [TestQlDmc0501Processor]
2018-05-21 09:35:25 INFO  TestCaseLogImpl:54 - [After] void of [TestQlDmc0501Processor]
2018-05-21 09:35:25 INFO  TestCaseLogImpl:54 - [After] void of [TestQlDmc0501Processor]
2018-05-21 09:35:25 INFO  TestCaseLogImpl:54 - [After] void of [TestQlDmc0501Processor]
2018-05-21 09:35:25 INFO  TestCaseLogImpl:54 - [After] void of [TestQlDmc0501Processor]
2018-05-21 09:35:25 INFO  TestCaseLogImpl:54 - [After] void of [TestQlDmc0501Processor]
2018-05-21 09:35:25 INFO  TestCaseLogImpl:54 - [After] void of [TestQlDmc0501Processor]
2018-05-21 09:35:25 INFO  TestCaseLogImpl:38 - [After] class [TestCaseLogImpl]
2018-05-21 09:35:25 INFO  TestCaseLogImpl:30 - [Before] class [TestCaseLogImpl]
2018-05-21 09:35:25 INFO  TestCaseLogImpl:54 - [After] void of [TestQlDmc0502Processor]
2018-05-21 09:35:25 INFO  TestCaseLogImpl:54 - [After] void of [TestQlDmc0502Processor]
2018-05-21 09:35:25 INFO  TestCaseLogImpl:38 - [After] class [TestCaseLogImpl]
2018-05-21 09:36:40 INFO  TestCaseLogImpl:30 - [Before] class [TestCaseLogImpl]
2018-05-21 09:36:40 INFO  Cache2kCoreProviderImpl:178 - cache2k starting. version=1.0.2.Final, build=undefined, defaultImplementation=HeapCache
2018-05-21 09:36:41 INFO  TestCaseLogImpl:54 - [After] void of [TestQlFileDinhKem01Processor]
2018-05-21 09:36:41 INFO  TestCaseLogImpl:54 - [After] void of [TestQlFileDinhKem01Processor]
2018-05-21 09:36:41 INFO  TestCaseLogImpl:54 - [After] void of [TestQlFileDinhKem01Processor]
2018-05-21 09:36:41 INFO  TestCaseLogImpl:54 - [After] void of [TestQlFileDinhKem01Processor]
2018-05-21 09:36:41 INFO  TestCaseLogImpl:54 - [After] void of [TestQlFileDinhKem01Processor]
2018-05-21 09:36:41 INFO  TestCaseLogImpl:54 - [After] void of [TestQlFileDinhKem01Processor]
2018-05-21 09:36:41 INFO  TestCaseLogImpl:54 - [After] void of [TestQlFileDinhKem01Processor]
2018-05-21 09:36:41 INFO  TestCaseLogImpl:54 - [After] void of [TestQlFileDinhKem01Processor]
2018-05-21 09:36:41 INFO  TestCaseLogImpl:54 - [After] void of [TestQlFileDinhKem01Processor]
2018-05-21 09:36:41 INFO  TestCaseLogImpl:54 - [After] void of [TestQlFileDinhKem01Processor]
2018-05-21 09:36:41 INFO  TestCaseLogImpl:54 - [After] void of [TestQlFileDinhKem01Processor]
2018-05-21 09:36:41 INFO  TestCaseLogImpl:54 - [After] void of [TestQlFileDinhKem01Processor]
2018-05-21 09:36:41 INFO  TestCaseLogImpl:54 - [After] void of [TestQlFileDinhKem01Processor]
2018-05-21 09:36:41 INFO  TestCaseLogImpl:54 - [After] void of [TestQlFileDinhKem01Processor]
2018-05-21 09:36:41 INFO  TestCaseLogImpl:54 - [After] void of [TestQlFileDinhKem01Processor]
2018-05-21 09:36:41 INFO  TestCaseLogImpl:54 - [After] void of [TestQlFileDinhKem01Processor]
2018-05-21 09:36:41 INFO  TestCaseLogImpl:54 - [After] void of [TestQlFileDinhKem01Processor]
2018-05-21 09:36:41 INFO  TestCaseLogImpl:54 - [After] void of [TestQlFileDinhKem01Processor]
2018-05-21 09:36:41 INFO  TestCaseLogImpl:54 - [After] void of [TestQlFileDinhKem01Processor]
2018-05-21 09:36:41 INFO  TestCaseLogImpl:54 - [After] void of [TestQlFileDinhKem01Processor]
2018-05-21 09:36:41 INFO  TestCaseLogImpl:38 - [After] class [TestCaseLogImpl]
2018-05-21 09:36:41 INFO  TestCaseLogImpl:30 - [Before] class [TestCaseLogImpl]
2018-05-21 09:36:41 INFO  TestCaseLogImpl:54 - [After] void of [TestQlDmc0501Processor]
2018-05-21 09:36:41 INFO  TestCaseLogImpl:54 - [After] void of [TestQlDmc0501Processor]
2018-05-21 09:36:41 INFO  TestCaseLogImpl:54 - [After] void of [TestQlDmc0501Processor]
2018-05-21 09:36:41 INFO  TestCaseLogImpl:54 - [After] void of [TestQlDmc0501Processor]
2018-05-21 09:36:41 INFO  TestCaseLogImpl:54 - [After] void of [TestQlDmc0501Processor]
2018-05-21 09:36:41 INFO  TestCaseLogImpl:54 - [After] void of [TestQlDmc0501Processor]
2018-05-21 09:36:41 INFO  TestCaseLogImpl:54 - [After] void of [TestQlDmc0501Processor]
2018-05-21 09:36:41 INFO  TestCaseLogImpl:54 - [After] void of [TestQlDmc0501Processor]
2018-05-21 09:36:41 INFO  TestCaseLogImpl:38 - [After] class [TestCaseLogImpl]
2018-05-21 09:36:41 INFO  TestCaseLogImpl:30 - [Before] class [TestCaseLogImpl]
2018-05-21 09:36:41 INFO  TestCaseLogImpl:54 - [After] void of [TestQlDmc0502Processor]
2018-05-21 09:36:41 INFO  TestCaseLogImpl:54 - [After] void of [TestQlDmc0502Processor]
2018-05-21 09:36:41 INFO  TestCaseLogImpl:38 - [After] class [TestCaseLogImpl]
2018-05-21 09:43:35 INFO  TestCaseLogImpl:30 - [Before] class [TestCaseLogImpl]
2018-05-21 09:43:36 INFO  Cache2kCoreProviderImpl:178 - cache2k starting. version=1.0.2.Final, build=undefined, defaultImplementation=HeapCache
2018-05-21 09:43:36 INFO  TestCaseLogImpl:54 - [After] void of [TestQlFileDinhKem01Processor]
2018-05-21 09:43:36 INFO  TestCaseLogImpl:54 - [After] void of [TestQlFileDinhKem01Processor]
2018-05-21 09:43:36 INFO  TestCaseLogImpl:54 - [After] void of [TestQlFileDinhKem01Processor]
2018-05-21 09:43:36 INFO  TestCaseLogImpl:54 - [After] void of [TestQlFileDinhKem01Processor]
2018-05-21 09:43:36 INFO  TestCaseLogImpl:54 - [After] void of [TestQlFileDinhKem01Processor]
2018-05-21 09:43:36 INFO  TestCaseLogImpl:54 - [After] void of [TestQlFileDinhKem01Processor]
2018-05-21 09:43:36 INFO  TestCaseLogImpl:54 - [After] void of [TestQlFileDinhKem01Processor]
2018-05-21 09:43:36 INFO  TestCaseLogImpl:54 - [After] void of [TestQlFileDinhKem01Processor]
2018-05-21 09:43:36 INFO  TestCaseLogImpl:54 - [After] void of [TestQlFileDinhKem01Processor]
2018-05-21 09:43:36 INFO  TestCaseLogImpl:54 - [After] void of [TestQlFileDinhKem01Processor]
2018-05-21 09:43:36 INFO  TestCaseLogImpl:54 - [After] void of [TestQlFileDinhKem01Processor]
2018-05-21 09:43:36 INFO  TestCaseLogImpl:54 - [After] void of [TestQlFileDinhKem01Processor]
2018-05-21 09:43:36 INFO  TestCaseLogImpl:54 - [After] void of [TestQlFileDinhKem01Processor]
2018-05-21 09:43:36 INFO  TestCaseLogImpl:54 - [After] void of [TestQlFileDinhKem01Processor]
2018-05-21 09:43:36 INFO  TestCaseLogImpl:54 - [After] void of [TestQlFileDinhKem01Processor]
2018-05-21 09:43:36 INFO  TestCaseLogImpl:54 - [After] void of [TestQlFileDinhKem01Processor]
2018-05-21 09:43:36 INFO  TestCaseLogImpl:54 - [After] void of [TestQlFileDinhKem01Processor]
2018-05-21 09:43:36 INFO  TestCaseLogImpl:54 - [After] void of [TestQlFileDinhKem01Processor]
2018-05-21 09:43:36 INFO  TestCaseLogImpl:54 - [After] void of [TestQlFileDinhKem01Processor]
2018-05-21 09:43:36 INFO  TestCaseLogImpl:54 - [After] void of [TestQlFileDinhKem01Processor]
2018-05-21 09:43:36 INFO  TestCaseLogImpl:38 - [After] class [TestCaseLogImpl]
2018-05-21 09:43:36 INFO  TestCaseLogImpl:30 - [Before] class [TestCaseLogImpl]
2018-05-21 09:43:36 INFO  TestCaseLogImpl:54 - [After] void of [TestQlDmc0501Processor]
2018-05-21 09:43:36 INFO  TestCaseLogImpl:54 - [After] void of [TestQlDmc0501Processor]
2018-05-21 09:43:36 INFO  TestCaseLogImpl:54 - [After] void of [TestQlDmc0501Processor]
2018-05-21 09:43:36 INFO  TestCaseLogImpl:54 - [After] void of [TestQlDmc0501Processor]
2018-05-21 09:43:36 INFO  TestCaseLogImpl:54 - [After] void of [TestQlDmc0501Processor]
2018-05-21 09:43:36 INFO  TestCaseLogImpl:54 - [After] void of [TestQlDmc0501Processor]
2018-05-21 09:43:36 INFO  TestCaseLogImpl:54 - [After] void of [TestQlDmc0501Processor]
2018-05-21 09:43:36 INFO  TestCaseLogImpl:54 - [After] void of [TestQlDmc0501Processor]
2018-05-21 09:43:36 INFO  TestCaseLogImpl:38 - [After] class [TestCaseLogImpl]
2018-05-21 09:43:36 INFO  TestCaseLogImpl:30 - [Before] class [TestCaseLogImpl]
2018-05-21 09:43:36 INFO  TestCaseLogImpl:54 - [After] void of [TestQlDmc0502Processor]
2018-05-21 09:43:36 INFO  TestCaseLogImpl:54 - [After] void of [TestQlDmc0502Processor]
2018-05-21 09:43:36 INFO  TestCaseLogImpl:38 - [After] class [TestCaseLogImpl]
2018-06-06 10:32:53 INFO  TestCaseLogImpl:30 - [Before] class [TestCaseLogImpl]
2018-06-06 10:32:55 INFO  Cache2kCoreProviderImpl:227 - cache2k starting. version=1.0.2.Final, build=undefined, defaultImplementation=HeapCache
2018-06-06 10:32:55 INFO  TestCaseLogImpl:54 - [After] void of [TestQlFileDinhKem01Processor]
2018-06-06 10:32:55 INFO  TestCaseLogImpl:54 - [After] void of [TestQlFileDinhKem01Processor]
2018-06-06 10:32:55 INFO  TestCaseLogImpl:54 - [After] void of [TestQlFileDinhKem01Processor]
2018-06-06 10:32:55 INFO  TestCaseLogImpl:54 - [After] void of [TestQlFileDinhKem01Processor]
2018-06-06 10:32:55 INFO  TestCaseLogImpl:54 - [After] void of [TestQlFileDinhKem01Processor]
2018-06-06 10:32:55 INFO  TestCaseLogImpl:54 - [After] void of [TestQlFileDinhKem01Processor]
2018-06-06 10:32:55 INFO  TestCaseLogImpl:54 - [After] void of [TestQlFileDinhKem01Processor]
2018-06-06 10:32:55 INFO  TestCaseLogImpl:54 - [After] void of [TestQlFileDinhKem01Processor]
2018-06-06 10:32:55 INFO  TestCaseLogImpl:54 - [After] void of [TestQlFileDinhKem01Processor]
2018-06-06 10:32:55 INFO  TestCaseLogImpl:54 - [After] void of [TestQlFileDinhKem01Processor]
2018-06-06 10:32:55 INFO  TestCaseLogImpl:54 - [After] void of [TestQlFileDinhKem01Processor]
2018-06-06 10:32:55 INFO  TestCaseLogImpl:54 - [After] void of [TestQlFileDinhKem01Processor]
2018-06-06 10:32:55 INFO  TestCaseLogImpl:54 - [After] void of [TestQlFileDinhKem01Processor]
2018-06-06 10:32:55 INFO  TestCaseLogImpl:54 - [After] void of [TestQlFileDinhKem01Processor]
2018-06-06 10:32:55 INFO  TestCaseLogImpl:54 - [After] void of [TestQlFileDinhKem01Processor]
2018-06-06 10:32:55 INFO  TestCaseLogImpl:54 - [After] void of [TestQlFileDinhKem01Processor]
2018-06-06 10:32:55 INFO  TestCaseLogImpl:54 - [After] void of [TestQlFileDinhKem01Processor]
2018-06-06 10:32:55 INFO  TestCaseLogImpl:54 - [After] void of [TestQlFileDinhKem01Processor]
2018-06-06 10:32:55 INFO  TestCaseLogImpl:54 - [After] void of [TestQlFileDinhKem01Processor]
2018-06-06 10:32:55 INFO  TestCaseLogImpl:54 - [After] void of [TestQlFileDinhKem01Processor]
2018-06-06 10:32:55 INFO  TestCaseLogImpl:38 - [After] class [TestCaseLogImpl]
2018-06-06 10:32:55 INFO  TestCaseLogImpl:30 - [Before] class [TestCaseLogImpl]
2018-06-06 10:32:55 INFO  TestCaseLogImpl:54 - [After] void of [TestQlDmc03Processor]
2018-06-06 10:32:55 INFO  TestCaseLogImpl:54 - [After] void of [TestQlDmc03Processor]
2018-06-06 10:32:55 INFO  TestCaseLogImpl:54 - [After] void of [TestQlDmc03Processor]
2018-06-06 10:32:55 INFO  TestCaseLogImpl:54 - [After] void of [TestQlDmc03Processor]
2018-06-06 10:32:55 INFO  TestCaseLogImpl:54 - [After] void of [TestQlDmc03Processor]
2018-06-06 10:32:55 INFO  TestCaseLogImpl:54 - [After] void of [TestQlDmc03Processor]
2018-06-06 10:32:55 INFO  TestCaseLogImpl:54 - [After] void of [TestQlDmc03Processor]
2018-06-06 10:32:55 INFO  TestCaseLogImpl:54 - [After] void of [TestQlDmc03Processor]
2018-06-06 10:32:55 INFO  TestCaseLogImpl:54 - [After] void of [TestQlDmc03Processor]
2018-06-06 10:32:55 INFO  TestCaseLogImpl:54 - [After] void of [TestQlDmc03Processor]
2018-06-06 10:32:55 INFO  TestCaseLogImpl:54 - [After] void of [TestQlDmc03Processor]
2018-06-06 10:32:55 INFO  TestCaseLogImpl:54 - [After] void of [TestQlDmc03Processor]
2018-06-06 10:32:55 INFO  TestCaseLogImpl:54 - [After] void of [TestQlDmc03Processor]
2018-06-06 10:32:55 INFO  TestCaseLogImpl:54 - [After] void of [TestQlDmc03Processor]
2018-06-06 10:32:55 INFO  TestCaseLogImpl:54 - [After] void of [TestQlDmc03Processor]
2018-06-06 10:32:55 INFO  TestCaseLogImpl:54 - [After] void of [TestQlDmc03Processor]
2018-06-06 10:32:55 INFO  TestCaseLogImpl:54 - [After] void of [TestQlDmc03Processor]
2018-06-06 10:32:55 INFO  TestCaseLogImpl:54 - [After] void of [TestQlDmc03Processor]
2018-06-06 10:32:55 INFO  TestCaseLogImpl:54 - [After] void of [TestQlDmc03Processor]
2018-06-06 10:32:55 INFO  TestCaseLogImpl:54 - [After] void of [TestQlDmc03Processor]
2018-06-06 10:32:55 INFO  TestCaseLogImpl:54 - [After] void of [TestQlDmc03Processor]
2018-06-06 10:32:55 INFO  TestCaseLogImpl:38 - [After] class [TestCaseLogImpl]
2018-06-06 10:32:55 INFO  TestCaseLogImpl:30 - [Before] class [TestCaseLogImpl]
2018-06-06 10:32:55 INFO  TestCaseLogImpl:54 - [After] void of [TestQlDmc04Processor]
2018-06-06 10:32:55 INFO  TestCaseLogImpl:54 - [After] void of [TestQlDmc04Processor]
2018-06-06 10:32:55 INFO  TestCaseLogImpl:54 - [After] void of [TestQlDmc04Processor]
2018-06-06 10:32:55 INFO  TestCaseLogImpl:54 - [After] void of [TestQlDmc04Processor]
2018-06-06 10:32:56 INFO  TestCaseLogImpl:54 - [After] void of [TestQlDmc04Processor]
2018-06-06 10:32:56 INFO  TestCaseLogImpl:54 - [After] void of [TestQlDmc04Processor]
2018-06-06 10:32:56 INFO  TestCaseLogImpl:54 - [After] void of [TestQlDmc04Processor]
2018-06-06 10:32:56 INFO  TestCaseLogImpl:54 - [After] void of [TestQlDmc04Processor]
2018-06-06 10:32:56 INFO  TestCaseLogImpl:54 - [After] void of [TestQlDmc04Processor]
2018-06-06 10:32:56 INFO  TestCaseLogImpl:54 - [After] void of [TestQlDmc04Processor]
2018-06-06 10:32:56 INFO  TestCaseLogImpl:54 - [After] void of [TestQlDmc04Processor]
2018-06-06 10:32:56 INFO  TestCaseLogImpl:54 - [After] void of [TestQlDmc04Processor]
2018-06-06 10:32:56 INFO  TestCaseLogImpl:54 - [After] void of [TestQlDmc04Processor]
2018-06-06 10:32:56 INFO  TestCaseLogImpl:54 - [After] void of [TestQlDmc04Processor]
2018-06-06 10:32:56 INFO  TestCaseLogImpl:54 - [After] void of [TestQlDmc04Processor]
2018-06-06 10:32:56 INFO  TestCaseLogImpl:54 - [After] void of [TestQlDmc04Processor]
2018-06-06 10:32:56 INFO  TestCaseLogImpl:54 - [After] void of [TestQlDmc04Processor]
2018-06-06 10:32:56 INFO  TestCaseLogImpl:54 - [After] void of [TestQlDmc04Processor]
2018-06-06 10:32:56 INFO  TestCaseLogImpl:54 - [After] void of [TestQlDmc04Processor]
2018-06-06 10:32:56 INFO  TestCaseLogImpl:54 - [After] void of [TestQlDmc04Processor]
2018-06-06 10:32:56 INFO  TestCaseLogImpl:54 - [After] void of [TestQlDmc04Processor]
2018-06-06 10:32:56 INFO  TestCaseLogImpl:54 - [After] void of [TestQlDmc04Processor]
2018-06-06 10:32:56 INFO  TestCaseLogImpl:54 - [After] void of [TestQlDmc04Processor]
2018-06-06 10:32:56 INFO  TestCaseLogImpl:54 - [After] void of [TestQlDmc04Processor]
2018-06-06 10:32:56 INFO  TestCaseLogImpl:54 - [After] void of [TestQlDmc04Processor]
2018-06-06 10:32:56 INFO  TestCaseLogImpl:38 - [After] class [TestCaseLogImpl]
2018-06-06 10:32:56 INFO  TestCaseLogImpl:30 - [Before] class [TestCaseLogImpl]
2018-06-06 10:32:56 INFO  TestCaseLogImpl:54 - [After] void of [TestQlDmc0501Processor]
2018-06-06 10:32:56 INFO  TestCaseLogImpl:54 - [After] void of [TestQlDmc0501Processor]
2018-06-06 10:32:56 INFO  TestCaseLogImpl:54 - [After] void of [TestQlDmc0501Processor]
2018-06-06 10:32:56 INFO  TestCaseLogImpl:54 - [After] void of [TestQlDmc0501Processor]
2018-06-06 10:32:56 INFO  TestCaseLogImpl:54 - [After] void of [TestQlDmc0501Processor]
2018-06-06 10:32:56 INFO  TestCaseLogImpl:54 - [After] void of [TestQlDmc0501Processor]
2018-06-06 10:32:56 INFO  TestCaseLogImpl:54 - [After] void of [TestQlDmc0501Processor]
2018-06-06 10:32:56 INFO  TestCaseLogImpl:54 - [After] void of [TestQlDmc0501Processor]
2018-06-06 10:32:56 INFO  TestCaseLogImpl:38 - [After] class [TestCaseLogImpl]
2018-06-06 10:32:56 INFO  TestCaseLogImpl:30 - [Before] class [TestCaseLogImpl]
2018-06-06 10:32:56 INFO  TestCaseLogImpl:54 - [After] void of [TestQlDmc0502Processor]
2018-06-06 10:32:56 INFO  TestCaseLogImpl:54 - [After] void of [TestQlDmc0502Processor]
2018-06-06 10:32:56 INFO  TestCaseLogImpl:38 - [After] class [TestCaseLogImpl]
2018-06-06 10:32:56 INFO  TestCaseLogImpl:30 - [Before] class [TestCaseLogImpl]
2018-06-06 10:32:56 INFO  TestCaseLogImpl:54 - [After] void of [TestQlDmc06Processor]
2018-06-06 10:32:56 INFO  TestCaseLogImpl:54 - [After] void of [TestQlDmc06Processor]
2018-06-06 10:32:56 INFO  TestCaseLogImpl:54 - [After] void of [TestQlDmc06Processor]
2018-06-06 10:32:56 INFO  TestCaseLogImpl:54 - [After] void of [TestQlDmc06Processor]
2018-06-06 10:32:56 INFO  TestCaseLogImpl:54 - [After] void of [TestQlDmc06Processor]
2018-06-06 10:32:56 INFO  TestCaseLogImpl:38 - [After] class [TestCaseLogImpl]
2018-06-06 10:49:23 INFO  TestCaseLogImpl:30 - [Before] class [TestCaseLogImpl]
2018-06-06 10:49:24 INFO  Cache2kCoreProviderImpl:227 - cache2k starting. version=1.0.2.Final, build=undefined, defaultImplementation=HeapCache
2018-06-06 10:49:24 INFO  TestCaseLogImpl:54 - [After] void of [TestQlFileDinhKem01Processor]
2018-06-06 10:49:24 INFO  TestCaseLogImpl:54 - [After] void of [TestQlFileDinhKem01Processor]
2018-06-06 10:49:24 INFO  TestCaseLogImpl:54 - [After] void of [TestQlFileDinhKem01Processor]
2018-06-06 10:49:24 INFO  TestCaseLogImpl:54 - [After] void of [TestQlFileDinhKem01Processor]
2018-06-06 10:49:24 INFO  TestCaseLogImpl:54 - [After] void of [TestQlFileDinhKem01Processor]
2018-06-06 10:49:24 INFO  TestCaseLogImpl:54 - [After] void of [TestQlFileDinhKem01Processor]
2018-06-06 10:49:24 INFO  TestCaseLogImpl:54 - [After] void of [TestQlFileDinhKem01Processor]
2018-06-06 10:49:24 INFO  TestCaseLogImpl:54 - [After] void of [TestQlFileDinhKem01Processor]
2018-06-06 10:49:24 INFO  TestCaseLogImpl:54 - [After] void of [TestQlFileDinhKem01Processor]
2018-06-06 10:49:24 INFO  TestCaseLogImpl:54 - [After] void of [TestQlFileDinhKem01Processor]
2018-06-06 10:49:24 INFO  TestCaseLogImpl:54 - [After] void of [TestQlFileDinhKem01Processor]
2018-06-06 10:49:24 INFO  TestCaseLogImpl:54 - [After] void of [TestQlFileDinhKem01Processor]
2018-06-06 10:49:24 INFO  TestCaseLogImpl:54 - [After] void of [TestQlFileDinhKem01Processor]
2018-06-06 10:49:24 INFO  TestCaseLogImpl:54 - [After] void of [TestQlFileDinhKem01Processor]
2018-06-06 10:49:24 INFO  TestCaseLogImpl:54 - [After] void of [TestQlFileDinhKem01Processor]
2018-06-06 10:49:24 INFO  TestCaseLogImpl:54 - [After] void of [TestQlFileDinhKem01Processor]
2018-06-06 10:49:24 INFO  TestCaseLogImpl:54 - [After] void of [TestQlFileDinhKem01Processor]
2018-06-06 10:49:24 INFO  TestCaseLogImpl:54 - [After] void of [TestQlFileDinhKem01Processor]
2018-06-06 10:49:24 INFO  TestCaseLogImpl:54 - [After] void of [TestQlFileDinhKem01Processor]
2018-06-06 10:49:24 INFO  TestCaseLogImpl:54 - [After] void of [TestQlFileDinhKem01Processor]
2018-06-06 10:49:24 INFO  TestCaseLogImpl:38 - [After] class [TestCaseLogImpl]
2018-06-06 10:49:24 INFO  TestCaseLogImpl:30 - [Before] class [TestCaseLogImpl]
2018-06-06 10:49:24 INFO  TestCaseLogImpl:54 - [After] void of [TestQlDmc03Processor]
2018-06-06 10:49:24 INFO  TestCaseLogImpl:54 - [After] void of [TestQlDmc03Processor]
2018-06-06 10:49:24 INFO  TestCaseLogImpl:54 - [After] void of [TestQlDmc03Processor]
2018-06-06 10:49:24 INFO  TestCaseLogImpl:54 - [After] void of [TestQlDmc03Processor]
2018-06-06 10:49:24 INFO  TestCaseLogImpl:54 - [After] void of [TestQlDmc03Processor]
2018-06-06 10:49:24 INFO  TestCaseLogImpl:54 - [After] void of [TestQlDmc03Processor]
2018-06-06 10:49:24 INFO  TestCaseLogImpl:54 - [After] void of [TestQlDmc03Processor]
2018-06-06 10:49:24 INFO  TestCaseLogImpl:54 - [After] void of [TestQlDmc03Processor]
2018-06-06 10:49:24 INFO  TestCaseLogImpl:54 - [After] void of [TestQlDmc03Processor]
2018-06-06 10:49:24 INFO  TestCaseLogImpl:54 - [After] void of [TestQlDmc03Processor]
2018-06-06 10:49:24 INFO  TestCaseLogImpl:54 - [After] void of [TestQlDmc03Processor]
2018-06-06 10:49:24 INFO  TestCaseLogImpl:54 - [After] void of [TestQlDmc03Processor]
2018-06-06 10:49:24 INFO  TestCaseLogImpl:54 - [After] void of [TestQlDmc03Processor]
2018-06-06 10:49:24 INFO  TestCaseLogImpl:54 - [After] void of [TestQlDmc03Processor]
2018-06-06 10:49:24 INFO  TestCaseLogImpl:54 - [After] void of [TestQlDmc03Processor]
2018-06-06 10:49:24 INFO  TestCaseLogImpl:54 - [After] void of [TestQlDmc03Processor]
2018-06-06 10:49:24 INFO  TestCaseLogImpl:54 - [After] void of [TestQlDmc03Processor]
2018-06-06 10:49:24 INFO  TestCaseLogImpl:54 - [After] void of [TestQlDmc03Processor]
2018-06-06 10:49:24 INFO  TestCaseLogImpl:54 - [After] void of [TestQlDmc03Processor]
2018-06-06 10:49:24 INFO  TestCaseLogImpl:54 - [After] void of [TestQlDmc03Processor]
2018-06-06 10:49:24 INFO  TestCaseLogImpl:54 - [After] void of [TestQlDmc03Processor]
2018-06-06 10:49:24 INFO  TestCaseLogImpl:38 - [After] class [TestCaseLogImpl]
2018-06-06 10:49:24 INFO  TestCaseLogImpl:30 - [Before] class [TestCaseLogImpl]
2018-06-06 10:49:24 INFO  TestCaseLogImpl:54 - [After] void of [TestQlDmc04Processor]
2018-06-06 10:49:24 INFO  TestCaseLogImpl:54 - [After] void of [TestQlDmc04Processor]
2018-06-06 10:49:24 INFO  TestCaseLogImpl:54 - [After] void of [TestQlDmc04Processor]
2018-06-06 10:49:24 INFO  TestCaseLogImpl:54 - [After] void of [TestQlDmc04Processor]
2018-06-06 10:49:24 INFO  TestCaseLogImpl:54 - [After] void of [TestQlDmc04Processor]
2018-06-06 10:49:24 INFO  TestCaseLogImpl:54 - [After] void of [TestQlDmc04Processor]
2018-06-06 10:49:24 INFO  TestCaseLogImpl:54 - [After] void of [TestQlDmc04Processor]
2018-06-06 10:49:24 INFO  TestCaseLogImpl:54 - [After] void of [TestQlDmc04Processor]
2018-06-06 10:49:24 INFO  TestCaseLogImpl:54 - [After] void of [TestQlDmc04Processor]
2018-06-06 10:49:24 INFO  TestCaseLogImpl:54 - [After] void of [TestQlDmc04Processor]
2018-06-06 10:49:24 INFO  TestCaseLogImpl:54 - [After] void of [TestQlDmc04Processor]
2018-06-06 10:49:24 INFO  TestCaseLogImpl:54 - [After] void of [TestQlDmc04Processor]
2018-06-06 10:49:24 INFO  TestCaseLogImpl:54 - [After] void of [TestQlDmc04Processor]
2018-06-06 10:49:24 INFO  TestCaseLogImpl:54 - [After] void of [TestQlDmc04Processor]
2018-06-06 10:49:24 INFO  TestCaseLogImpl:54 - [After] void of [TestQlDmc04Processor]
2018-06-06 10:49:24 INFO  TestCaseLogImpl:54 - [After] void of [TestQlDmc04Processor]
2018-06-06 10:49:24 INFO  TestCaseLogImpl:54 - [After] void of [TestQlDmc04Processor]
2018-06-06 10:49:24 INFO  TestCaseLogImpl:54 - [After] void of [TestQlDmc04Processor]
2018-06-06 10:49:24 INFO  TestCaseLogImpl:54 - [After] void of [TestQlDmc04Processor]
2018-06-06 10:49:24 INFO  TestCaseLogImpl:54 - [After] void of [TestQlDmc04Processor]
2018-06-06 10:49:24 INFO  TestCaseLogImpl:54 - [After] void of [TestQlDmc04Processor]
2018-06-06 10:49:24 INFO  TestCaseLogImpl:54 - [After] void of [TestQlDmc04Processor]
2018-06-06 10:49:24 INFO  TestCaseLogImpl:54 - [After] void of [TestQlDmc04Processor]
2018-06-06 10:49:24 INFO  TestCaseLogImpl:54 - [After] void of [TestQlDmc04Processor]
2018-06-06 10:49:24 INFO  TestCaseLogImpl:54 - [After] void of [TestQlDmc04Processor]
2018-06-06 10:49:24 INFO  TestCaseLogImpl:38 - [After] class [TestCaseLogImpl]
2018-06-06 10:49:24 INFO  TestCaseLogImpl:30 - [Before] class [TestCaseLogImpl]
2018-06-06 10:49:24 INFO  TestCaseLogImpl:54 - [After] void of [TestQlDmc0501Processor]
2018-06-06 10:49:24 INFO  TestCaseLogImpl:54 - [After] void of [TestQlDmc0501Processor]
2018-06-06 10:49:25 INFO  TestCaseLogImpl:54 - [After] void of [TestQlDmc0501Processor]
2018-06-06 10:49:25 INFO  TestCaseLogImpl:54 - [After] void of [TestQlDmc0501Processor]
2018-06-06 10:49:25 INFO  TestCaseLogImpl:54 - [After] void of [TestQlDmc0501Processor]
2018-06-06 10:49:25 INFO  TestCaseLogImpl:54 - [After] void of [TestQlDmc0501Processor]
2018-06-06 10:49:25 INFO  TestCaseLogImpl:54 - [After] void of [TestQlDmc0501Processor]
2018-06-06 10:49:25 INFO  TestCaseLogImpl:54 - [After] void of [TestQlDmc0501Processor]
2018-06-06 10:49:25 INFO  TestCaseLogImpl:38 - [After] class [TestCaseLogImpl]
2018-06-06 10:49:25 INFO  TestCaseLogImpl:30 - [Before] class [TestCaseLogImpl]
2018-06-06 10:49:25 INFO  TestCaseLogImpl:54 - [After] void of [TestQlDmc0502Processor]
2018-06-06 10:49:25 INFO  TestCaseLogImpl:54 - [After] void of [TestQlDmc0502Processor]
2018-06-06 10:49:25 INFO  TestCaseLogImpl:38 - [After] class [TestCaseLogImpl]
2018-06-06 10:49:25 INFO  TestCaseLogImpl:30 - [Before] class [TestCaseLogImpl]
2018-06-06 10:49:25 INFO  TestCaseLogImpl:54 - [After] void of [TestQlDmc06Processor]
2018-06-06 10:49:25 INFO  TestCaseLogImpl:54 - [After] void of [TestQlDmc06Processor]
2018-06-06 10:49:25 INFO  TestCaseLogImpl:54 - [After] void of [TestQlDmc06Processor]
2018-06-06 10:49:25 INFO  TestCaseLogImpl:54 - [After] void of [TestQlDmc06Processor]
2018-06-06 10:49:25 INFO  TestCaseLogImpl:54 - [After] void of [TestQlDmc06Processor]
2018-06-06 10:49:25 INFO  TestCaseLogImpl:38 - [After] class [TestCaseLogImpl]
